<?xml version="1.0" encoding="UTF-8"?>
<!-- Generated by org.testng.reporters.JUnitReportReporter -->
<testsuite hostname="Princes-MacBook-Pro.local" failures="0" tests="1" name="testScript.GoogleLinkTest" time="114.326" errors="0" timestamp="2024-02-01T13:08:43 IST" skipped="0">
  <testcase classname="testScript.GoogleLinkTest" name="linkVerificationTest" time="114.326"/>
  <system-out/>
</testsuite> <!-- testScript.GoogleLinkTest -->
